<?xml version="1.0" encoding="UTF-8"?>
<!-- Generated by org.testng.reporters.JUnitReportReporter -->
<testsuite skipped="0" hostname="JyothiCyril" name="com.qa.testrunner.AmazonTestRunner" tests="5" failures="0" timestamp="2022-04-30T21:19:23 IST" time="175.344" errors="0">
  <testcase name="runScenario" time="34.579" classname="com.qa.testrunner.AmazonTestRunner"/>
  <system-out/>
  <testcase name="runScenario" time="34.077" classname="com.qa.testrunner.AmazonTestRunner"/>
  <system-out/>
  <testcase name="runScenario" time="34.217" classname="com.qa.testrunner.AmazonTestRunner"/>
  <system-out/>
  <testcase name="runScenario" time="36.436" classname="com.qa.testrunner.AmazonTestRunner"/>
  <system-out/>
  <testcase name="runScenario" time="36.035" classname="com.qa.testrunner.AmazonTestRunner"/>
  <system-out/>
</testsuite> <!-- com.qa.testrunner.AmazonTestRunner -->
